0 info it worked if it ends with ok
1 verbose cli [ 'node', '/usr/local/bin/npm', 'start' ]
2 info using npm@3.8.8
3 info using node@v0.10.28
4 verbose run-script [ 'prestart', 'start', 'poststart' ]
5 info lifecycle fever324.github.io@1.0.0~prestart: fever324.github.io@1.0.0
6 silly lifecycle fever324.github.io@1.0.0~prestart: no script for prestart, continuing
7 info lifecycle fever324.github.io@1.0.0~start: fever324.github.io@1.0.0
8 verbose lifecycle fever324.github.io@1.0.0~start: unsafe-perm in lifecycle true
9 verbose lifecycle fever324.github.io@1.0.0~start: PATH: /usr/local/lib/node_modules/npm/bin/node-gyp-bin:/Users/hongfeili/Documents/workspace/fever324.github.io/node_modules/.bin:/usr/local/bin:/Users/hongfeili/.rvm/gems/ruby-2.1.1/bin:/Users/hongfeili/.rvm/gems/ruby-2.1.1@global/bin:/Users/hongfeili/.rvm/rubies/ruby-2.1.1/bin:/Volumes/HD/Applications/anaconda/bin:/Users/hongfeili/Documents/school/2016spring/GameDesign/Cornell-Cocos/templates:/Users/hongfeili/Documents/school/2016spring/GameDesign/Cornell-Cocos/tools/cocos2d-console/bin:/Users/hongfeili/.rvm/gems/ruby-2.1.1/bin:/Users/hongfeili/.rvm/gems/ruby-2.1.1@global/bin:/Users/hongfeili/.rvm/rubies/ruby-2.1.1/bin:/usr/local/bin:/usr/bin:/bin:/usr/sbin:/sbin:/Users/hongfeili/.rvm/bin
10 verbose lifecycle fever324.github.io@1.0.0~start: CWD: /Users/hongfeili/Documents/workspace/fever324.github.io
11 silly lifecycle fever324.github.io@1.0.0~start: Args: [ '-c', 'webpack-dev-server --inline --content-base .' ]
12 silly lifecycle fever324.github.io@1.0.0~start: Returned: code: 8  signal: null
13 info lifecycle fever324.github.io@1.0.0~start: Failed to exec start script
14 verbose stack Error: fever324.github.io@1.0.0 start: `webpack-dev-server --inline --content-base .`
14 verbose stack Exit status 8
14 verbose stack     at EventEmitter.<anonymous> (/usr/local/lib/node_modules/npm/lib/utils/lifecycle.js:244:16)
14 verbose stack     at EventEmitter.emit (events.js:98:17)
14 verbose stack     at ChildProcess.<anonymous> (/usr/local/lib/node_modules/npm/lib/utils/spawn.js:24:14)
14 verbose stack     at ChildProcess.EventEmitter.emit (events.js:98:17)
14 verbose stack     at maybeClose (child_process.js:753:16)
14 verbose stack     at Process.ChildProcess._handle.onexit (child_process.js:820:5)
15 verbose pkgid fever324.github.io@1.0.0
16 verbose cwd /Users/hongfeili/Documents/workspace/fever324.github.io
17 error Darwin 15.6.0
18 error argv "node" "/usr/local/bin/npm" "start"
19 error node v0.10.28
20 error npm  v3.8.8
21 error code ELIFECYCLE
22 error fever324.github.io@1.0.0 start: `webpack-dev-server --inline --content-base .`
22 error Exit status 8
23 error Failed at the fever324.github.io@1.0.0 start script 'webpack-dev-server --inline --content-base .'.
23 error Make sure you have the latest version of node.js and npm installed.
23 error If you do, this is most likely a problem with the fever324.github.io package,
23 error not with npm itself.
23 error Tell the author that this fails on your system:
23 error     webpack-dev-server --inline --content-base .
23 error You can get information on how to open an issue for this project with:
23 error     npm bugs fever324.github.io
23 error Or if that isn't available, you can get their info via:
23 error     npm owner ls fever324.github.io
23 error There is likely additional logging output above.
24 verbose exit [ 1, true ]
